{"numFailedTestSuites":1,"numFailedTests":1,"numPassedTestSuites":9,"numPassedTests":59,"numPendingTestSuites":0,"numPendingTests":0,"numRuntimeErrorTestSuites":0,"numTodoTests":0,"numTotalTestSuites":10,"numTotalTests":60,"openHandles":[],"snapshot":{"added":0,"didUpdate":false,"failure":false,"filesAdded":0,"filesRemoved":0,"filesRemovedList":[],"filesUnmatched":0,"filesUpdated":0,"matched":0,"total":0,"unchecked":0,"uncheckedKeysByFile":[],"unmatched":0,"updated":0},"startTime":1773979845032,"success":false,"testResults":[{"assertionResults":[{"ancestorTitles":["DominoEngine Migration (Phase 1.4)"],"duration":28,"failureDetails":[],"failureMessages":[],"fullName":"DominoEngine Migration (Phase 1.4) Premier coup : Autorise les 7 dominos de la main","invocations":1,"location":null,"numPassingAsserts":2,"retryReasons":[],"status":"passed","title":"Premier coup : Autorise les 7 dominos de la main"},{"ancestorTitles":["DominoEngine Migration (Phase 1.4)"],"duration":1,"failureDetails":[],"failureMessages":[],"fullName":"DominoEngine Migration (Phase 1.4) Validation des correspondances standard (4 cas)","invocations":1,"location":null,"numPassingAsserts":4,"retryReasons":[],"status":"passed","title":"Validation des correspondances standard (4 cas)"},{"ancestorTitles":["DominoEngine Migration (Phase 1.4)"],"duration":10,"failureDetails":[],"failureMessages":[],"fullName":"DominoEngine Migration (Phase 1.4) Stress Test : 100 simulations de tours de bots stratégiques","invocations":1,"location":null,"numPassingAsserts":1,"retryReasons":[],"status":"passed","title":"Stress Test : 100 simulations de tours de bots stratégiques"},{"ancestorTitles":["DominoEngine Migration (Phase 1.4)"],"duration":1,"failureDetails":[],"failureMessages":[],"fullName":"DominoEngine Migration (Phase 1.4) Intelligence Valou : Priorité aux doubles pour commencer","invocations":1,"location":null,"numPassingAsserts":1,"retryReasons":[],"status":"passed","title":"Intelligence Valou : Priorité aux doubles pour commencer"}],"endTime":1773979852962,"message":"","name":"E:\\HAPPYAGENCY\\00 Clients\\00 En cours\\Manuel\\code src\\react-native\\mobile\\src\\core\\DominoEngine.test.ts","startTime":1773979847207,"status":"passed","summary":""},{"assertionResults":[{"ancestorTitles":["DominoEngine","getValidMoves"],"duration":16,"failureDetails":[],"failureMessages":[],"fullName":"DominoEngine getValidMoves should allow all moves on empty table (ends is null)","invocations":1,"location":null,"numPassingAsserts":3,"retryReasons":[],"status":"passed","title":"should allow all moves on empty table (ends is null)"},{"ancestorTitles":["DominoEngine","getValidMoves"],"duration":1,"failureDetails":[],"failureMessages":[],"fullName":"DominoEngine getValidMoves should allow all moves on empty ends","invocations":1,"location":null,"numPassingAsserts":1,"retryReasons":[],"status":"passed","title":"should allow all moves on empty ends"},{"ancestorTitles":["DominoEngine","getValidMoves"],"duration":4,"failureDetails":[{"matcherResult":{"message":"\u001b[2mexpect(\u001b[22m\u001b[31mreceived\u001b[39m\u001b[2m).\u001b[22mtoHaveLength\u001b[2m(\u001b[22m\u001b[32mexpected\u001b[39m\u001b[2m)\u001b[22m\n\nExpected length: \u001b[32m1\u001b[39m\nReceived length: \u001b[31m2\u001b[39m\nReceived array:  \u001b[31m[{\"isReversed\": true, \"side\": \"left\", \"tile\": {\"id\": \"d01\", \"isDouble\": false, \"left\": 0, \"right\": 1, \"sum\": 1}}, {\"isReversed\": false, \"side\": \"right\", \"tile\": {\"id\": \"d22\", \"isDouble\": true, \"left\": 2, \"right\": 2, \"sum\": 4}}]\u001b[39m","pass":false}}],"failureMessages":["Error: \u001b[2mexpect(\u001b[22m\u001b[31mreceived\u001b[39m\u001b[2m).\u001b[22mtoHaveLength\u001b[2m(\u001b[22m\u001b[32mexpected\u001b[39m\u001b[2m)\u001b[22m\n\nExpected length: \u001b[32m1\u001b[39m\nReceived length: \u001b[31m2\u001b[39m\nReceived array:  \u001b[31m[{\"isReversed\": true, \"side\": \"left\", \"tile\": {\"id\": \"d01\", \"isDouble\": false, \"left\": 0, \"right\": 1, \"sum\": 1}}, {\"isReversed\": false, \"side\": \"right\", \"tile\": {\"id\": \"d22\", \"isDouble\": true, \"left\": 2, \"right\": 2, \"sum\": 4}}]\u001b[39m\n    at Object.toHaveLength (E:\\HAPPYAGENCY\\00 Clients\\00 En cours\\Manuel\\code src\\react-native\\mobile\\src\\core\\__tests__\\DominoEngine.test.ts:29:27)\n    at Promise.then.completed (E:\\HAPPYAGENCY\\00 Clients\\00 En cours\\Manuel\\code src\\react-native\\mobile\\node_modules\\jest-circus\\build\\utils.js:298:28)\n    at new Promise (<anonymous>)\n    at callAsyncCircusFn (E:\\HAPPYAGENCY\\00 Clients\\00 En cours\\Manuel\\code src\\react-native\\mobile\\node_modules\\jest-circus\\build\\utils.js:231:10)\n    at _callCircusTest (E:\\HAPPYAGENCY\\00 Clients\\00 En cours\\Manuel\\code src\\react-native\\mobile\\node_modules\\jest-circus\\build\\run.js:316:40)\n    at processTicksAndRejections (node:internal/process/task_queues:105:5)\n    at _runTest (E:\\HAPPYAGENCY\\00 Clients\\00 En cours\\Manuel\\code src\\react-native\\mobile\\node_modules\\jest-circus\\build\\run.js:252:3)\n    at _runTestsForDescribeBlock (E:\\HAPPYAGENCY\\00 Clients\\00 En cours\\Manuel\\code src\\react-native\\mobile\\node_modules\\jest-circus\\build\\run.js:126:9)\n    at _runTestsForDescribeBlock (E:\\HAPPYAGENCY\\00 Clients\\00 En cours\\Manuel\\code src\\react-native\\mobile\\node_modules\\jest-circus\\build\\run.js:121:9)\n    at _runTestsForDescribeBlock (E:\\HAPPYAGENCY\\00 Clients\\00 En cours\\Manuel\\code src\\react-native\\mobile\\node_modules\\jest-circus\\build\\run.js:121:9)\n    at run (E:\\HAPPYAGENCY\\00 Clients\\00 En cours\\Manuel\\code src\\react-native\\mobile\\node_modules\\jest-circus\\build\\run.js:71:3)\n    at runAndTransformResultsToJestFormat (E:\\HAPPYAGENCY\\00 Clients\\00 En cours\\Manuel\\code src\\react-native\\mobile\\node_modules\\jest-circus\\build\\legacy-code-todo-rewrite\\jestAdapterInit.js:122:21)\n    at jestAdapter (E:\\HAPPYAGENCY\\00 Clients\\00 En cours\\Manuel\\code src\\react-native\\mobile\\node_modules\\jest-circus\\build\\legacy-code-todo-rewrite\\jestAdapter.js:79:19)\n    at runTestInternal (E:\\HAPPYAGENCY\\00 Clients\\00 En cours\\Manuel\\code src\\react-native\\mobile\\node_modules\\jest-runner\\build\\runTest.js:367:16)\n    at runTest (E:\\HAPPYAGENCY\\00 Clients\\00 En cours\\Manuel\\code src\\react-native\\mobile\\node_modules\\jest-runner\\build\\runTest.js:444:34)\n    at Object.worker (E:\\HAPPYAGENCY\\00 Clients\\00 En cours\\Manuel\\code src\\react-native\\mobile\\node_modules\\jest-runner\\build\\testWorker.js:106:12)"],"fullName":"DominoEngine getValidMoves should match left end","invocations":1,"location":null,"numPassingAsserts":0,"retryReasons":[],"status":"failed","title":"should match left end"},{"ancestorTitles":["DominoEngine","getValidMoves"],"duration":14,"failureDetails":[],"failureMessages":[],"fullName":"DominoEngine getValidMoves should match right end","invocations":1,"location":null,"numPassingAsserts":4,"retryReasons":[],"status":"passed","title":"should match right end"},{"ancestorTitles":["DominoEngine","calculateHandPoints"],"duration":1,"failureDetails":[],"failureMessages":[],"fullName":"DominoEngine calculateHandPoints should sum up points correctly","invocations":1,"location":null,"numPassingAsserts":2,"retryReasons":[],"status":"passed","title":"should sum up points correctly"},{"ancestorTitles":["DominoEngine","getBotMove strategies"],"duration":1,"failureDetails":[],"failureMessages":[],"fullName":"DominoEngine getBotMove strategies TI_MANMAY should pick a random move","invocations":1,"location":null,"numPassingAsserts":2,"retryReasons":[],"status":"passed","title":"TI_MANMAY should pick a random move"},{"ancestorTitles":["DominoEngine","getBotMove strategies"],"duration":1,"failureDetails":[],"failureMessages":[],"fullName":"DominoEngine getBotMove strategies MAPIPI should pick a smart move","invocations":1,"location":null,"numPassingAsserts":1,"retryReasons":[],"status":"passed","title":"MAPIPI should pick a smart move"},{"ancestorTitles":["DominoEngine","getBotMove strategies"],"duration":1,"failureDetails":[],"failureMessages":[],"fullName":"DominoEngine getBotMove strategies GRAN_MOUN should pick the best move","invocations":1,"location":null,"numPassingAsserts":1,"retryReasons":[],"status":"passed","title":"GRAN_MOUN should pick the best move"}],"endTime":1773979853105,"message":"\u001b[1m\u001b[31m  \u001b[1m● \u001b[22m\u001b[1mDominoEngine › getValidMoves › should match left end\u001b[39m\u001b[22m\n\n    \u001b[2mexpect(\u001b[22m\u001b[31mreceived\u001b[39m\u001b[2m).\u001b[22mtoHaveLength\u001b[2m(\u001b[22m\u001b[32mexpected\u001b[39m\u001b[2m)\u001b[22m\n\n    Expected length: \u001b[32m1\u001b[39m\n    Received length: \u001b[31m2\u001b[39m\n    Received array:  \u001b[31m[{\"isReversed\": true, \"side\": \"left\", \"tile\": {\"id\": \"d01\", \"isDouble\": false, \"left\": 0, \"right\": 1, \"sum\": 1}}, {\"isReversed\": false, \"side\": \"right\", \"tile\": {\"id\": \"d22\", \"isDouble\": true, \"left\": 2, \"right\": 2, \"sum\": 4}}]\u001b[39m\n\u001b[2m\u001b[22m\n\u001b[2m    \u001b[0m \u001b[90m 27 |\u001b[39m             \u001b[36mconst\u001b[39m hand \u001b[33m=\u001b[39m [d01\u001b[33m,\u001b[39m d22]\u001b[33m;\u001b[39m \u001b[90m// only d01 matches 0\u001b[39m\u001b[22m\n\u001b[2m     \u001b[90m 28 |\u001b[39m             \u001b[36mconst\u001b[39m moves \u001b[33m=\u001b[39m getValidMoves(hand\u001b[33m,\u001b[39m { left\u001b[33m:\u001b[39m \u001b[35m0\u001b[39m\u001b[33m,\u001b[39m right\u001b[33m:\u001b[39m \u001b[35m2\u001b[39m })\u001b[33m;\u001b[39m\u001b[22m\n\u001b[2m    \u001b[31m\u001b[1m>\u001b[22m\u001b[2m\u001b[39m\u001b[90m 29 |\u001b[39m             expect(moves)\u001b[33m.\u001b[39mtoHaveLength(\u001b[35m1\u001b[39m)\u001b[33m;\u001b[39m\u001b[22m\n\u001b[2m     \u001b[90m    |\u001b[39m                           \u001b[31m\u001b[1m^\u001b[22m\u001b[2m\u001b[39m\u001b[22m\n\u001b[2m     \u001b[90m 30 |\u001b[39m             expect(moves[\u001b[35m0\u001b[39m]\u001b[33m.\u001b[39mtile\u001b[33m.\u001b[39mid)\u001b[33m.\u001b[39mtoBe(\u001b[32m'd01'\u001b[39m)\u001b[33m;\u001b[39m\u001b[22m\n\u001b[2m     \u001b[90m 31 |\u001b[39m             expect(moves[\u001b[35m0\u001b[39m]\u001b[33m.\u001b[39mside)\u001b[33m.\u001b[39mtoBe(\u001b[32m'left'\u001b[39m)\u001b[33m;\u001b[39m\u001b[22m\n\u001b[2m     \u001b[90m 32 |\u001b[39m             expect(moves[\u001b[35m0\u001b[39m]\u001b[33m.\u001b[39misReversed)\u001b[33m.\u001b[39mtoBe(\u001b[36mtrue\u001b[39m)\u001b[33m;\u001b[39m \u001b[90m// 0 matches left, so 0 becomes inside, 1 becomes end. Inversion depends on implementation.\u001b[39m\u001b[0m\u001b[22m\n\u001b[2m\u001b[22m\n\u001b[2m      \u001b[2mat Object.toHaveLength (\u001b[22m\u001b[2m\u001b[0m\u001b[36msrc/core/__tests__/DominoEngine.test.ts\u001b[39m\u001b[0m\u001b[2m:29:27)\u001b[22m\u001b[2m\u001b[22m\n","name":"E:\\HAPPYAGENCY\\00 Clients\\00 En cours\\Manuel\\code src\\react-native\\mobile\\src\\core\\__tests__\\DominoEngine.test.ts","startTime":1773979847286,"status":"failed","summary":""},{"assertionResults":[{"ancestorTitles":["testUtils Placeholder"],"duration":12,"failureDetails":[],"failureMessages":[],"fullName":"testUtils Placeholder dummy","invocations":1,"location":null,"numPassingAsserts":0,"retryReasons":[],"status":"passed","title":"dummy"},{"ancestorTitles":["Scoring Verification"],"duration":15,"failureDetails":[],"failureMessages":[],"fullName":"Scoring Verification 1. Test Chirée","invocations":1,"location":null,"numPassingAsserts":7,"retryReasons":[],"status":"passed","title":"1. Test Chirée"},{"ancestorTitles":["Scoring Verification"],"duration":20,"failureDetails":[],"failureMessages":[],"fullName":"Scoring Verification 2. Test Double Cochon","invocations":1,"location":null,"numPassingAsserts":5,"retryReasons":[],"status":"passed","title":"2. Test Double Cochon"},{"ancestorTitles":["Scoring Verification"],"duration":13,"failureDetails":[],"failureMessages":[],"fullName":"Scoring Verification 3. Test Simple Cochon","invocations":1,"location":null,"numPassingAsserts":2,"retryReasons":[],"status":"passed","title":"3. Test Simple Cochon"},{"ancestorTitles":["Scoring Verification"],"duration":2,"failureDetails":[],"failureMessages":[],"fullName":"Scoring Verification 9. Bug C1: Double Attribution (Round win gives NO match points)","invocations":1,"location":null,"numPassingAsserts":3,"retryReasons":[],"status":"passed","title":"9. Bug C1: Double Attribution (Round win gives NO match points)"},{"ancestorTitles":["Scoring Verification"],"duration":6,"failureDetails":[],"failureMessages":[],"fullName":"Scoring Verification 4. Test Match NOT Over after round win (must wait for manche end)","invocations":1,"location":null,"numPassingAsserts":2,"retryReasons":[],"status":"passed","title":"4. Test Match NOT Over after round win (must wait for manche end)"},{"ancestorTitles":["Scoring Verification"],"duration":6,"failureDetails":[],"failureMessages":[],"fullName":"Scoring Verification 5. Test Match Over at Manche End","invocations":1,"location":null,"numPassingAsserts":2,"retryReasons":[],"status":"passed","title":"5. Test Match Over at Manche End"},{"ancestorTitles":["Scoring Verification"],"duration":4,"failureDetails":[],"failureMessages":[],"fullName":"Scoring Verification 6. Test Manche History Recording","invocations":1,"location":null,"numPassingAsserts":4,"retryReasons":[],"status":"passed","title":"6. Test Manche History Recording"},{"ancestorTitles":["Scoring Verification"],"duration":6,"failureDetails":[],"failureMessages":[],"fullName":"Scoring Verification 7. Test Tie-Breaker at Threshold (End of Manche)","invocations":1,"location":null,"numPassingAsserts":3,"retryReasons":[],"status":"passed","title":"7. Test Tie-Breaker at Threshold (End of Manche)"},{"ancestorTitles":["Scoring Verification"],"duration":476,"failureDetails":[],"failureMessages":[],"fullName":"Scoring Verification 8. Test resolveBoude with Cochon scoring","invocations":1,"location":null,"numPassingAsserts":4,"retryReasons":[],"status":"passed","title":"8. Test resolveBoude with Cochon scoring"}],"endTime":1773979853946,"message":"","name":"E:\\HAPPYAGENCY\\00 Clients\\00 En cours\\Manuel\\code src\\react-native\\mobile\\src\\core\\__tests__\\ScoringScenarios.test.ts","startTime":1773979847017,"status":"passed","summary":""},{"assertionResults":[{"ancestorTitles":["testUtils Placeholder"],"duration":9,"failureDetails":[],"failureMessages":[],"fullName":"testUtils Placeholder dummy","invocations":1,"location":null,"numPassingAsserts":0,"retryReasons":[],"status":"passed","title":"dummy"},{"ancestorTitles":["Manual Simulation Scenarios"],"duration":24,"failureDetails":[],"failureMessages":[],"fullName":"Manual Simulation Scenarios Scenario 1: Chiré (2-1-1)","invocations":1,"location":null,"numPassingAsserts":5,"retryReasons":[],"status":"passed","title":"Scenario 1: Chiré (2-1-1)"},{"ancestorTitles":["Manual Simulation Scenarios"],"duration":6,"failureDetails":[],"failureMessages":[],"fullName":"Manual Simulation Scenarios Scenario 2: Classic Victory with Cochons (3-0-0)","invocations":1,"location":null,"numPassingAsserts":4,"retryReasons":[],"status":"passed","title":"Scenario 2: Classic Victory with Cochons (3-0-0)"},{"ancestorTitles":["Manual Simulation Scenarios"],"duration":7,"failureDetails":[],"failureMessages":[],"fullName":"Manual Simulation Scenarios Scenario 3: Continue Manche (2-1-0)","invocations":1,"location":null,"numPassingAsserts":3,"retryReasons":[],"status":"passed","title":"Scenario 3: Continue Manche (2-1-0)"}],"endTime":1773979853978,"message":"","name":"E:\\HAPPYAGENCY\\00 Clients\\00 En cours\\Manuel\\code src\\react-native\\mobile\\src\\core\\__tests__\\ManualSimulation.test.ts","startTime":1773979847003,"status":"passed","summary":""},{"assertionResults":[{"ancestorTitles":["testUtils Placeholder"],"duration":11,"failureDetails":[],"failureMessages":[],"fullName":"testUtils Placeholder dummy","invocations":1,"location":null,"numPassingAsserts":0,"retryReasons":[],"status":"passed","title":"dummy"},{"ancestorTitles":["GameIntegration - Full Game Simulation"],"duration":57,"failureDetails":[],"failureMessages":[],"fullName":"GameIntegration - Full Game Simulation should simulate a full match between 3 bots without crashing","invocations":1,"location":null,"numPassingAsserts":9,"retryReasons":[],"status":"passed","title":"should simulate a full match between 3 bots without crashing"}],"endTime":1773979854077,"message":"","name":"E:\\HAPPYAGENCY\\00 Clients\\00 En cours\\Manuel\\code src\\react-native\\mobile\\src\\core\\__tests__\\GameIntegration.test.ts","startTime":1773979847002,"status":"passed","summary":""},{"assertionResults":[{"ancestorTitles":["testUtils Placeholder"],"duration":17,"failureDetails":[],"failureMessages":[],"fullName":"testUtils Placeholder dummy","invocations":1,"location":null,"numPassingAsserts":0,"retryReasons":[],"status":"passed","title":"dummy"},{"ancestorTitles":["LogicEngine","dealGame"],"duration":4,"failureDetails":[],"failureMessages":[],"fullName":"LogicEngine dealGame should deal 7 dominos to 3 players","invocations":1,"location":null,"numPassingAsserts":5,"retryReasons":[],"status":"passed","title":"should deal 7 dominos to 3 players"},{"ancestorTitles":["LogicEngine","checkValidMove"],"duration":1,"failureDetails":[],"failureMessages":[],"fullName":"LogicEngine checkValidMove should allow any move on empty table","invocations":1,"location":null,"numPassingAsserts":1,"retryReasons":[],"status":"passed","title":"should allow any move on empty table"},{"ancestorTitles":["LogicEngine","checkValidMove"],"duration":1,"failureDetails":[],"failureMessages":[],"fullName":"LogicEngine checkValidMove should allow matching left","invocations":1,"location":null,"numPassingAsserts":2,"retryReasons":[],"status":"passed","title":"should allow matching left"},{"ancestorTitles":["LogicEngine","checkValidMove"],"duration":1,"failureDetails":[],"failureMessages":[],"fullName":"LogicEngine checkValidMove should allow matching right","invocations":1,"location":null,"numPassingAsserts":2,"retryReasons":[],"status":"passed","title":"should allow matching right"},{"ancestorTitles":["LogicEngine","checkValidMove"],"duration":0,"failureDetails":[],"failureMessages":[],"fullName":"LogicEngine checkValidMove should reject non-matching domino","invocations":1,"location":null,"numPassingAsserts":1,"retryReasons":[],"status":"passed","title":"should reject non-matching domino"},{"ancestorTitles":["LogicEngine","determineFirstPlayer"],"duration":1,"failureDetails":[],"failureMessages":[],"fullName":"LogicEngine determineFirstPlayer should pick player with highest double","invocations":1,"location":null,"numPassingAsserts":1,"retryReasons":[],"status":"passed","title":"should pick player with highest double"},{"ancestorTitles":["LogicEngine","determineFirstPlayer"],"duration":1,"failureDetails":[],"failureMessages":[],"fullName":"LogicEngine determineFirstPlayer should pick player with highest sum if no doubles","invocations":1,"location":null,"numPassingAsserts":1,"retryReasons":[],"status":"passed","title":"should pick player with highest sum if no doubles"},{"ancestorTitles":["LogicEngine","determineWinnerOnBoudé"],"duration":1,"failureDetails":[],"failureMessages":[],"fullName":"LogicEngine determineWinnerOnBoudé should pick player with lowest points","invocations":1,"location":null,"numPassingAsserts":1,"retryReasons":[],"status":"passed","title":"should pick player with lowest points"},{"ancestorTitles":["LogicEngine","determineWinnerOnBoudé"],"duration":0,"failureDetails":[],"failureMessages":[],"fullName":"LogicEngine determineWinnerOnBoudé should return TIE if equal lowest","invocations":1,"location":null,"numPassingAsserts":1,"retryReasons":[],"status":"passed","title":"should return TIE if equal lowest"},{"ancestorTitles":["passTurn"],"duration":53,"failureDetails":[],"failureMessages":[],"fullName":"passTurn should throw if player has a valid move","invocations":1,"location":null,"numPassingAsserts":1,"retryReasons":[],"status":"passed","title":"should throw if player has a valid move"},{"ancestorTitles":["passTurn"],"duration":1,"failureDetails":[],"failureMessages":[],"fullName":"passTurn should allow pass if no valid move","invocations":1,"location":null,"numPassingAsserts":3,"retryReasons":[],"status":"passed","title":"should allow pass if no valid move"},{"ancestorTitles":["passTurn"],"duration":7,"failureDetails":[],"failureMessages":[],"fullName":"passTurn should detect blocked game (Boudé) after 3 passes","invocations":1,"location":null,"numPassingAsserts":1,"retryReasons":[],"status":"passed","title":"should detect blocked game (Boudé) after 3 passes"},{"ancestorTitles":["handleTurn"],"duration":2,"failureDetails":[],"failureMessages":[],"fullName":"handleTurn should throw if player tries to play a tile not in their hand","invocations":1,"location":null,"numPassingAsserts":1,"retryReasons":[],"status":"passed","title":"should throw if player tries to play a tile not in their hand"},{"ancestorTitles":["Opening rule (round 1 / manche 1)"],"duration":4,"failureDetails":[],"failureMessages":[],"fullName":"Opening rule (round 1 / manche 1) should expose forced opening domino only for the starter with highest double","invocations":1,"location":null,"numPassingAsserts":2,"retryReasons":[],"status":"passed","title":"should expose forced opening domino only for the starter with highest double"},{"ancestorTitles":["Opening rule (round 1 / manche 1)"],"duration":4,"failureDetails":[],"failureMessages":[],"fullName":"Opening rule (round 1 / manche 1) should reject non-double opening move for the starter on first round/manche","invocations":1,"location":null,"numPassingAsserts":1,"retryReasons":[],"status":"passed","title":"should reject non-double opening move for the starter on first round/manche"},{"ancestorTitles":["Opening rule (round 1 / manche 1)"],"duration":1,"failureDetails":[],"failureMessages":[],"fullName":"Opening rule (round 1 / manche 1) should allow highest double opening move on first round/manche","invocations":1,"location":null,"numPassingAsserts":2,"retryReasons":[],"status":"passed","title":"should allow highest double opening move on first round/manche"},{"ancestorTitles":["Opening rule (round 1 / manche 1)"],"duration":3,"failureDetails":[],"failureMessages":[],"fullName":"Opening rule (round 1 / manche 1) should allow any opening domino from round 2 onward","invocations":1,"location":null,"numPassingAsserts":2,"retryReasons":[],"status":"passed","title":"should allow any opening domino from round 2 onward"}],"endTime":1773979854123,"message":"","name":"E:\\HAPPYAGENCY\\00 Clients\\00 En cours\\Manuel\\code src\\react-native\\mobile\\src\\core\\__tests__\\LogicEngine.test.ts","startTime":1773979846974,"status":"passed","summary":""},{"assertionResults":[{"ancestorTitles":["testUtils Placeholder"],"duration":1,"failureDetails":[],"failureMessages":[],"fullName":"testUtils Placeholder dummy","invocations":1,"location":null,"numPassingAsserts":0,"retryReasons":[],"status":"passed","title":"dummy"},{"ancestorTitles":["Phase 2.3: Stress Test Simulation"],"duration":11,"failureDetails":[],"failureMessages":[],"fullName":"Phase 2.3: Stress Test Simulation Match termination in MANCHE mode","invocations":1,"location":null,"numPassingAsserts":2,"retryReasons":[],"status":"passed","title":"Match termination in MANCHE mode"},{"ancestorTitles":["Phase 2.3: Stress Test Simulation"],"duration":11,"failureDetails":[],"failureMessages":[],"fullName":"Phase 2.3: Stress Test Simulation Match termination in SCORE mode","invocations":1,"location":null,"numPassingAsserts":2,"retryReasons":[],"status":"passed","title":"Match termination in SCORE mode"},{"ancestorTitles":["Phase 2.3: Stress Test Simulation"],"duration":10,"failureDetails":[],"failureMessages":[],"fullName":"Phase 2.3: Stress Test Simulation Match termination in COCHON mode (individual limit)","invocations":1,"location":null,"numPassingAsserts":2,"retryReasons":[],"status":"passed","title":"Match termination in COCHON mode (individual limit)"},{"ancestorTitles":["Phase 2.3: Stress Test Simulation"],"duration":36,"failureDetails":[],"failureMessages":[],"fullName":"Phase 2.3: Stress Test Simulation Points consistency after multiple rounds","invocations":1,"location":null,"numPassingAsserts":9,"retryReasons":[],"status":"passed","title":"Points consistency after multiple rounds"}],"endTime":1773979854667,"message":"","name":"E:\\HAPPYAGENCY\\00 Clients\\00 En cours\\Manuel\\code src\\react-native\\mobile\\src\\core\\StressTest.test.ts","startTime":1773979853568,"status":"passed","summary":""},{"assertionResults":[{"ancestorTitles":["testUtils Placeholder"],"duration":0,"failureDetails":[],"failureMessages":[],"fullName":"testUtils Placeholder dummy","invocations":1,"location":null,"numPassingAsserts":0,"retryReasons":[],"status":"passed","title":"dummy"},{"ancestorTitles":["BotEngine"],"duration":1,"failureDetails":[],"failureMessages":[],"fullName":"BotEngine should return a valid move if one exists","invocations":1,"location":null,"numPassingAsserts":2,"retryReasons":[],"status":"passed","title":"should return a valid move if one exists"},{"ancestorTitles":["BotEngine"],"duration":0,"failureDetails":[],"failureMessages":[],"fullName":"BotEngine should return null if no moves","invocations":1,"location":null,"numPassingAsserts":1,"retryReasons":[],"status":"passed","title":"should return null if no moves"},{"ancestorTitles":["LogicEngine Advanced"],"duration":3,"failureDetails":[],"failureMessages":[],"fullName":"LogicEngine Advanced handleTurn should update table and current player","invocations":1,"location":null,"numPassingAsserts":6,"retryReasons":[],"status":"passed","title":"handleTurn should update table and current player"}],"endTime":1773979854671,"message":"","name":"E:\\HAPPYAGENCY\\00 Clients\\00 En cours\\Manuel\\code src\\react-native\\mobile\\src\\core\\__tests__\\BotEngine.test.ts","startTime":1773979853588,"status":"passed","summary":""},{"assertionResults":[{"ancestorTitles":["Boudé Resolution Rules"],"duration":1,"failureDetails":[],"failureMessages":[],"fullName":"Boudé Resolution Rules Case 1: Equality between 3 players (10, 10, 10) => TIE","invocations":1,"location":null,"numPassingAsserts":1,"retryReasons":[],"status":"passed","title":"Case 1: Equality between 3 players (10, 10, 10) => TIE"},{"ancestorTitles":["Boudé Resolution Rules"],"duration":1,"failureDetails":[],"failureMessages":[],"fullName":"Boudé Resolution Rules Case 2: Equality between 2 low players + 1 high (10, 10, 25) => TIE","invocations":1,"location":null,"numPassingAsserts":1,"retryReasons":[],"status":"passed","title":"Case 2: Equality between 2 low players + 1 high (10, 10, 25) => TIE"},{"ancestorTitles":["Boudé Resolution Rules"],"duration":1,"failureDetails":[],"failureMessages":[],"fullName":"Boudé Resolution Rules Case 3: Equality between 2 high players + 1 low (20, 20, 5) => Low Wins","invocations":1,"location":null,"numPassingAsserts":1,"retryReasons":[],"status":"passed","title":"Case 3: Equality between 2 high players + 1 low (20, 20, 5) => Low Wins"}],"endTime":1773979854785,"message":"","name":"E:\\HAPPYAGENCY\\00 Clients\\00 En cours\\Manuel\\code src\\react-native\\mobile\\src\\core\\BoudeRules.test.ts","startTime":1773979854541,"status":"passed","summary":""},{"assertionResults":[{"ancestorTitles":["testUtils Placeholder"],"duration":13,"failureDetails":[],"failureMessages":[],"fullName":"testUtils Placeholder dummy","invocations":1,"location":null,"numPassingAsserts":0,"retryReasons":[],"status":"passed","title":"dummy"},{"ancestorTitles":["LogicEngine Stress Test (500 parties automatiques)"],"duration":7421,"failureDetails":[],"failureMessages":[],"fullName":"LogicEngine Stress Test (500 parties automatiques) devrait terminer 500 parties sans boucle infinie","invocations":1,"location":null,"numPassingAsserts":1501,"retryReasons":[],"status":"passed","title":"devrait terminer 500 parties sans boucle infinie"}],"endTime":1773979861491,"message":"","name":"E:\\HAPPYAGENCY\\00 Clients\\00 En cours\\Manuel\\code src\\react-native\\mobile\\src\\core\\__tests__\\GameStressTest.test.ts","startTime":1773979846995,"status":"passed","summary":""}],"wasInterrupted":false}
