{"numFailedTestSuites":0,"numFailedTests":0,"numPassedTestSuites":3,"numPassedTests":20,"numPendingTestSuites":0,"numPendingTests":0,"numRuntimeErrorTestSuites":0,"numTodoTests":0,"numTotalTestSuites":3,"numTotalTests":20,"openHandles":[],"snapshot":{"added":0,"didUpdate":false,"failure":false,"filesAdded":0,"filesRemoved":0,"filesRemovedList":[],"filesUnmatched":0,"filesUpdated":0,"matched":0,"total":0,"unchecked":0,"uncheckedKeysByFile":[],"unmatched":0,"updated":0},"startTime":1774491650376,"success":true,"testResults":[{"assertionResults":[{"ancestorTitles":["testUtils Placeholder"],"duration":9,"failureDetails":[],"failureMessages":[],"fullName":"testUtils Placeholder dummy","invocations":1,"location":null,"numPassingAsserts":0,"retryReasons":[],"status":"passed","title":"dummy"},{"ancestorTitles":["useGameSync Hook"],"duration":18,"failureDetails":[],"failureMessages":[],"fullName":"useGameSync Hook returns initial empty state correctly","invocations":1,"location":null,"numPassingAsserts":3,"retryReasons":[],"status":"passed","title":"returns initial empty state correctly"},{"ancestorTitles":["useGameSync Hook"],"duration":25,"failureDetails":[],"failureMessages":[],"fullName":"useGameSync Hook subscribes to onSnapshot and updates state when doc exists","invocations":1,"location":null,"numPassingAsserts":2,"retryReasons":[],"status":"passed","title":"subscribes to onSnapshot and updates state when doc exists"},{"ancestorTitles":["useGameSync Hook"],"duration":5,"failureDetails":[],"failureMessages":[],"fullName":"useGameSync Hook runs safeUpdateGameState and rejects older timestamps","invocations":1,"location":null,"numPassingAsserts":1,"retryReasons":[],"status":"passed","title":"runs safeUpdateGameState and rejects older timestamps"},{"ancestorTitles":["useGameSync Hook"],"duration":4,"failureDetails":[],"failureMessages":[],"fullName":"useGameSync Hook runs safeUpdateGameState and allows newer timestamps","invocations":1,"location":null,"numPassingAsserts":2,"retryReasons":[],"status":"passed","title":"runs safeUpdateGameState and allows newer timestamps"}],"endTime":1774491652698,"message":"","name":"E:\\HAPPYAGENCY\\00 Clients\\00 En cours\\Manuel\\code src\\react-native\\mobile\\src\\hooks\\game\\__tests__\\useGameSync.test.ts","startTime":1774491651416,"status":"passed","summary":""},{"assertionResults":[{"ancestorTitles":["testUtils Placeholder"],"duration":7,"failureDetails":[],"failureMessages":[],"fullName":"testUtils Placeholder dummy","invocations":1,"location":null,"numPassingAsserts":0,"retryReasons":[],"status":"passed","title":"dummy"},{"ancestorTitles":["Scoring Verification"],"duration":9,"failureDetails":[],"failureMessages":[],"fullName":"Scoring Verification 1. Test Chirée","invocations":1,"location":null,"numPassingAsserts":7,"retryReasons":[],"status":"passed","title":"1. Test Chirée"},{"ancestorTitles":["Scoring Verification"],"duration":3,"failureDetails":[],"failureMessages":[],"fullName":"Scoring Verification 2. Test Double Cochon","invocations":1,"location":null,"numPassingAsserts":5,"retryReasons":[],"status":"passed","title":"2. Test Double Cochon"},{"ancestorTitles":["Scoring Verification"],"duration":3,"failureDetails":[],"failureMessages":[],"fullName":"Scoring Verification 3. Test Simple Cochon","invocations":1,"location":null,"numPassingAsserts":2,"retryReasons":[],"status":"passed","title":"3. Test Simple Cochon"},{"ancestorTitles":["Scoring Verification"],"duration":1,"failureDetails":[],"failureMessages":[],"fullName":"Scoring Verification 9. Bug C1: Double Attribution (Round win gives NO match points)","invocations":1,"location":null,"numPassingAsserts":3,"retryReasons":[],"status":"passed","title":"9. Bug C1: Double Attribution (Round win gives NO match points)"},{"ancestorTitles":["Scoring Verification"],"duration":3,"failureDetails":[],"failureMessages":[],"fullName":"Scoring Verification 4. [CORRIGÉ] SCORE — Round simple ne déclenche pas MATCH_END sans fin de manche","invocations":1,"location":null,"numPassingAsserts":2,"retryReasons":[],"status":"passed","title":"4. [CORRIGÉ] SCORE — Round simple ne déclenche pas MATCH_END sans fin de manche"},{"ancestorTitles":["Scoring Verification"],"duration":2,"failureDetails":[],"failureMessages":[],"fullName":"Scoring Verification Bug B1 — Chiré ne déclenche jamais MATCH_END en mode SCORE","invocations":1,"location":null,"numPassingAsserts":2,"retryReasons":[],"status":"passed","title":"Bug B1 — Chiré ne déclenche jamais MATCH_END en mode SCORE"},{"ancestorTitles":["Scoring Verification"],"duration":9,"failureDetails":[],"failureMessages":[],"fullName":"Scoring Verification Bug B2 — COCHON : MATCH_END déclenché quand totalCochons >= winningCondition","invocations":1,"location":null,"numPassingAsserts":3,"retryReasons":[],"status":"passed","title":"Bug B2 — COCHON : MATCH_END déclenché quand totalCochons >= winningCondition"},{"ancestorTitles":["Scoring Verification"],"duration":3,"failureDetails":[],"failureMessages":[],"fullName":"Scoring Verification Bug B5 — VICTOIRE : isolation complète, pas de MANCHE_END","invocations":1,"location":null,"numPassingAsserts":3,"retryReasons":[],"status":"passed","title":"Bug B5 — VICTOIRE : isolation complète, pas de MANCHE_END"},{"ancestorTitles":["Scoring Verification"],"duration":2,"failureDetails":[],"failureMessages":[],"fullName":"Scoring Verification 5. Test Match Over at Manche End","invocations":1,"location":null,"numPassingAsserts":2,"retryReasons":[],"status":"passed","title":"5. Test Match Over at Manche End"},{"ancestorTitles":["Scoring Verification"],"duration":1,"failureDetails":[],"failureMessages":[],"fullName":"Scoring Verification 6. Test Manche History Recording","invocations":1,"location":null,"numPassingAsserts":4,"retryReasons":[],"status":"passed","title":"6. Test Manche History Recording"},{"ancestorTitles":["Scoring Verification"],"duration":4,"failureDetails":[],"failureMessages":[],"fullName":"Scoring Verification 7. Test Tie-Breaker at Threshold (End of Manche)","invocations":1,"location":null,"numPassingAsserts":3,"retryReasons":[],"status":"passed","title":"7. Test Tie-Breaker at Threshold (End of Manche)"},{"ancestorTitles":["Scoring Verification"],"duration":22,"failureDetails":[],"failureMessages":[],"fullName":"Scoring Verification 8. Test resolveBoude with Cochon scoring","invocations":1,"location":null,"numPassingAsserts":4,"retryReasons":[],"status":"passed","title":"8. Test resolveBoude with Cochon scoring"}],"endTime":1774491653294,"message":"","name":"E:\\HAPPYAGENCY\\00 Clients\\00 En cours\\Manuel\\code src\\react-native\\mobile\\src\\core\\__tests__\\ScoringScenarios.test.ts","startTime":1774491651404,"status":"passed","summary":""},{"assertionResults":[{"ancestorTitles":["testUtils Placeholder"],"duration":7,"failureDetails":[],"failureMessages":[],"fullName":"testUtils Placeholder dummy","invocations":1,"location":null,"numPassingAsserts":0,"retryReasons":[],"status":"passed","title":"dummy"},{"ancestorTitles":["GameIntegration - Full Game Simulation"],"duration":123,"failureDetails":[],"failureMessages":[],"fullName":"GameIntegration - Full Game Simulation should simulate a full match between 3 bots without crashing","invocations":1,"location":null,"numPassingAsserts":19,"retryReasons":[],"status":"passed","title":"should simulate a full match between 3 bots without crashing"}],"endTime":1774491653392,"message":"","name":"E:\\HAPPYAGENCY\\00 Clients\\00 En cours\\Manuel\\code src\\react-native\\mobile\\src\\core\\__tests__\\GameIntegration.test.ts","startTime":1774491651414,"status":"passed","summary":""}],"wasInterrupted":false}
