{"numFailedTestSuites":1,"numFailedTests":0,"numPassedTestSuites":0,"numPassedTests":0,"numPendingTestSuites":0,"numPendingTests":0,"numRuntimeErrorTestSuites":1,"numTodoTests":0,"numTotalTestSuites":1,"numTotalTests":0,"openHandles":[],"snapshot":{"added":0,"didUpdate":false,"failure":false,"filesAdded":0,"filesRemoved":0,"filesRemovedList":[],"filesUnmatched":0,"filesUpdated":0,"matched":0,"total":0,"unchecked":0,"uncheckedKeysByFile":[],"unmatched":0,"updated":0},"startTime":1772249833197,"success":false,"testResults":[{"assertionResults":[],"coverage":{},"endTime":1772249834198,"message":"  \u001b[1m● \u001b[22mTest suite failed to run\n\n    Cannot find module '../../../core/firebase' from 'src/hooks/game/__tests__/useGameSync.test.ts'\n\n    \u001b[0m \u001b[90m  5 |\u001b[39m\n     \u001b[90m  6 |\u001b[39m \u001b[90m// Mock Firebase dependencies\u001b[39m\n    \u001b[31m\u001b[1m>\u001b[22m\u001b[39m\u001b[90m  7 |\u001b[39m jest\u001b[33m.\u001b[39mmock(\u001b[32m'../../../core/firebase'\u001b[39m\u001b[33m,\u001b[39m () \u001b[33m=>\u001b[39m ({\n     \u001b[90m    |\u001b[39m                                     \u001b[31m\u001b[1m^\u001b[22m\u001b[39m\n     \u001b[90m  8 |\u001b[39m     db\u001b[33m:\u001b[39m {}\n     \u001b[90m  9 |\u001b[39m }))\u001b[33m;\u001b[39m\n     \u001b[90m 10 |\u001b[39m jest\u001b[33m.\u001b[39mmock(\u001b[32m'firebase/firestore'\u001b[39m\u001b[33m,\u001b[39m () \u001b[33m=>\u001b[39m ({\u001b[0m\n\n      \u001b[2mat Resolver._throwModNotFoundError (\u001b[22mnode_modules/jest-resolve/build/resolver.js\u001b[2m:427:11)\u001b[22m\n      \u001b[2mat Object.<anonymous> (\u001b[22m\u001b[0m\u001b[36msrc/hooks/game/__tests__/useGameSync.test.ts\u001b[39m\u001b[0m\u001b[2m:7:37)\u001b[22m\n","name":"E:\\HAPPYAGENCY\\00 Clients\\00 En cours\\Manuel\\code src\\react-native\\mobile\\src\\hooks\\game\\__tests__\\useGameSync.test.ts","startTime":1772249834198,"status":"failed","summary":""}],"wasInterrupted":false}
